<?xml version="1.0" encoding="UTF-8"?>
<!-- Generated by org.testng.reporters.JUnitReportReporter -->
<testsuite skipped="0" hostname="DESKTOP-63LBKRQ" name="RegisterTest" tests="1" failures="0" timestamp="2020-06-30T22:02:03 CST" time="55.780" errors="0">
  <testcase name="register_NewUser" time="55.780" classname="RegisterTest"/>
  <system-out/>
</testsuite> <!-- RegisterTest -->
